2025-04-10 15:29:57.008904 - Received SBGOLOB.CBT509.FILE797 from FILE797.XMI 
2025-04-10 15:29:57.011750 - Found $$$#DATE.txt (text/plain) in SBGOLOB.CBT509.FILE797, moved to PDS/$$$#DATE
2025-04-10 15:29:57.012258 - Found @ARTICLE.txt (text/plain) in SBGOLOB.CBT509.FILE797, moved to PDS/@ARTICLE
2025-04-10 15:29:57.012464 - Found @ARTICL2.txt (text/plain) in SBGOLOB.CBT509.FILE797, moved to PDS/@ARTICL2
2025-04-10 15:29:57.012668 - Found @FILE797.txt (text/plain) in SBGOLOB.CBT509.FILE797, moved to PDS/@FILE797
2025-04-10 15:29:57.013067 - Found ASUB.txt (text/plain) in SBGOLOB.CBT509.FILE797, moved to PDS/ASUB
2025-04-10 15:29:57.013228 - Found ASUB$.jcl (text/plain) in SBGOLOB.CBT509.FILE797, moved to PDS/ASUB$
2025-04-10 15:29:57.013295 - Found ASUBHELP.txt (text/plain) in SBGOLOB.CBT509.FILE797, moved to PDS/ASUBHELP
2025-04-10 15:29:57.013704 - Found LLWA.txt (text/plain) in SBGOLOB.CBT509.FILE797, moved to PDS/LLWA
2025-04-10 15:29:57.013893 - Found LLWA$.jcl (text/plain) in SBGOLOB.CBT509.FILE797, moved to PDS/LLWA$
2025-04-10 15:29:57.014053 - Found LLWAHELP.txt (text/plain) in SBGOLOB.CBT509.FILE797, moved to PDS/LLWAHELP
2025-04-10 15:29:57.015377 - Found LOADLIB.xmi (application/xmit) in SBGOLOB.CBT509.FILE797, moved to PDS/LOADLIB.xmi
2025-04-10 15:29:57.184319 - Received IBMUSER.LOAD from LOADLIB.xmi 
2025-04-10 15:29:57.187486 - Found $$$VER.bin (application/octet-stream) in IBMUSER.LOAD, moved to LOADLIB/$$$VER
2025-04-10 15:29:57.187553 - Found alias # to AUCMD in IBMUSER.LOAD, moved to PDS/#
2025-04-10 15:29:57.187781 - Found ADIS.bin (application/octet-stream) in IBMUSER.LOAD, moved to LOADLIB/ADIS
2025-04-10 15:29:57.187949 - Found ALLIDS.bin (application/octet-stream) in IBMUSER.LOAD, moved to LOADLIB/ALLIDS
2025-04-10 15:29:57.188118 - Found ALPL.bin (application/octet-stream) in IBMUSER.LOAD, moved to LOADLIB/ALPL
2025-04-10 15:29:57.188304 - Found ASUB.bin (application/octet-stream) in IBMUSER.LOAD, moved to LOADLIB/ASUB
2025-04-10 15:29:57.188424 - Found AUCMD.bin (application/octet-stream) in IBMUSER.LOAD, moved to LOADLIB/AUCMD
2025-04-10 15:29:57.188505 - Found AUPGM.bin (application/octet-stream) in IBMUSER.LOAD, moved to LOADLIB/AUPGM
2025-04-10 15:29:57.188687 - Found BUFRSIZE.bin (application/octet-stream) in IBMUSER.LOAD, moved to LOADLIB/BUFRSIZE
2025-04-10 15:29:57.188852 - Found BYE.bin (application/octet-stream) in IBMUSER.LOAD, moved to LOADLIB/BYE
2025-04-10 15:29:57.188968 - Found CHNLEN.bin (application/octet-stream) in IBMUSER.LOAD, moved to LOADLIB/CHNLEN
2025-04-10 15:29:57.189123 - Found CINMX.bin (application/octet-stream) in IBMUSER.LOAD, moved to LOADLIB/CINMX
2025-04-10 15:29:57.189303 - Found CNCLPG.bin (application/octet-stream) in IBMUSER.LOAD, moved to LOADLIB/CNCLPG
2025-04-10 15:29:57.189491 - Found CNCLPGA.bin (application/octet-stream) in IBMUSER.LOAD, moved to LOADLIB/CNCLPGA
2025-04-10 15:29:57.189568 - Found CNCLPG10.bin (application/octet-stream) in IBMUSER.LOAD, moved to LOADLIB/CNCLPG10
2025-04-10 15:29:57.189647 - Found CNCLPG11.bin (application/octet-stream) in IBMUSER.LOAD, moved to LOADLIB/CNCLPG11
2025-04-10 15:29:57.189723 - Found CNCLPG20.bin (application/octet-stream) in IBMUSER.LOAD, moved to LOADLIB/CNCLPG20
2025-04-10 15:29:57.189948 - Found CSCF.bin (application/octet-stream) in IBMUSER.LOAD, moved to LOADLIB/CSCF
2025-04-10 15:29:57.190150 - Found DACEE.bin (application/octet-stream) in IBMUSER.LOAD, moved to LOADLIB/DACEE
2025-04-10 15:29:57.190227 - Found DAPF.bin (application/octet-stream) in IBMUSER.LOAD, moved to LOADLIB/DAPF
2025-04-10 15:29:57.190294 - Found DLINK.bin (application/octet-stream) in IBMUSER.LOAD, moved to LOADLIB/DLINK
2025-04-10 15:29:57.190353 - Found alias DSAUT to RACROUT in IBMUSER.LOAD, moved to PDS/DSAUT
2025-04-10 15:29:57.190416 - Found DTEST.bin (application/octet-stream) in IBMUSER.LOAD, moved to LOADLIB/DTEST
2025-04-10 15:29:57.190485 - Found DUMPACEE.bin (application/octet-stream) in IBMUSER.LOAD, moved to LOADLIB/DUMPACEE
2025-04-10 15:29:57.190566 - Found DUMPASCB.bin (application/octet-stream) in IBMUSER.LOAD, moved to LOADLIB/DUMPASCB
2025-04-10 15:29:57.190628 - Found DUMPASSB.bin (application/octet-stream) in IBMUSER.LOAD, moved to LOADLIB/DUMPASSB
2025-04-10 15:29:57.190693 - Found DUMPASVT.bin (application/octet-stream) in IBMUSER.LOAD, moved to LOADLIB/DUMPASVT
2025-04-10 15:29:57.190757 - Found DUMPCSA.bin (application/octet-stream) in IBMUSER.LOAD, moved to LOADLIB/DUMPCSA
2025-04-10 15:29:57.190828 - Found DUMPCSCB.bin (application/octet-stream) in IBMUSER.LOAD, moved to LOADLIB/DUMPCSCB
2025-04-10 15:29:57.190889 - Found DUMPCVT.bin (application/octet-stream) in IBMUSER.LOAD, moved to LOADLIB/DUMPCVT
2025-04-10 15:29:57.190952 - Found DUMPINMX.bin (application/octet-stream) in IBMUSER.LOAD, moved to LOADLIB/DUMPINMX
2025-04-10 15:29:57.191014 - Found DUMPIOVT.bin (application/octet-stream) in IBMUSER.LOAD, moved to LOADLIB/DUMPIOVT
2025-04-10 15:29:57.191075 - Found DUMPJCT.bin (application/octet-stream) in IBMUSER.LOAD, moved to LOADLIB/DUMPJCT
2025-04-10 15:29:57.191251 - Found DUMPLCT.bin (application/octet-stream) in IBMUSER.LOAD, moved to LOADLIB/DUMPLCT
2025-04-10 15:29:57.191358 - Found DUMPLWA.bin (application/octet-stream) in IBMUSER.LOAD, moved to LOADLIB/DUMPLWA
2025-04-10 15:29:57.191537 - Found DUMPPCCB.bin (application/octet-stream) in IBMUSER.LOAD, moved to LOADLIB/DUMPPCCB
2025-04-10 15:29:57.191631 - Found DUMPPPT.bin (application/octet-stream) in IBMUSER.LOAD, moved to LOADLIB/DUMPPPT
2025-04-10 15:29:57.191690 - Found DUMPPRB.bin (application/octet-stream) in IBMUSER.LOAD, moved to LOADLIB/DUMPPRB
2025-04-10 15:29:57.191752 - Found DUMPPSCB.bin (application/octet-stream) in IBMUSER.LOAD, moved to LOADLIB/DUMPPSCB
2025-04-10 15:29:57.191813 - Found DUMPRCVT.bin (application/octet-stream) in IBMUSER.LOAD, moved to LOADLIB/DUMPRCVT
2025-04-10 15:29:57.191874 - Found DUMPSCT.bin (application/octet-stream) in IBMUSER.LOAD, moved to LOADLIB/DUMPSCT
2025-04-10 15:29:57.191932 - Found DUMPTCT.bin (application/octet-stream) in IBMUSER.LOAD, moved to LOADLIB/DUMPTCT
2025-04-10 15:29:57.191994 - Found DUMPTIOT.bin (application/octet-stream) in IBMUSER.LOAD, moved to LOADLIB/DUMPTIOT
2025-04-10 15:29:57.192063 - Found DUMPTSB.bin (application/octet-stream) in IBMUSER.LOAD, moved to LOADLIB/DUMPTSB
2025-04-10 15:29:57.192127 - Found DUMPTSVT.bin (application/octet-stream) in IBMUSER.LOAD, moved to LOADLIB/DUMPTSVT
2025-04-10 15:29:57.192232 - Found DUSER.bin (application/octet-stream) in IBMUSER.LOAD, moved to LOADLIB/DUSER
2025-04-10 15:29:57.192383 - Found DVAT.bin (application/octet-stream) in IBMUSER.LOAD, moved to LOADLIB/DVAT
2025-04-10 15:29:57.192444 - Found EESCB.bin (application/octet-stream) in IBMUSER.LOAD, moved to LOADLIB/EESCB
2025-04-10 15:29:57.192505 - Found ENGTRANS.bin (application/octet-stream) in IBMUSER.LOAD, moved to LOADLIB/ENGTRANS
2025-04-10 15:29:57.192559 - Found alias FINDCMD to LOCATE in IBMUSER.LOAD, moved to PDS/FINDCMD
2025-04-10 15:29:57.192601 - Found alias FINDPRG to LOCATE in IBMUSER.LOAD, moved to PDS/FINDPRG
2025-04-10 15:29:57.192728 - Found FPASS.bin (application/octet-stream) in IBMUSER.LOAD, moved to LOADLIB/FPASS
2025-04-10 15:29:57.192790 - Found FPASSA.bin (application/octet-stream) in IBMUSER.LOAD, moved to LOADLIB/FPASSA
2025-04-10 15:29:57.192850 - Found HIBFREXT.bin (application/octet-stream) in IBMUSER.LOAD, moved to LOADLIB/HIBFREXT
2025-04-10 15:29:57.193003 - Found IEBTSUB.bin (application/octet-stream) in IBMUSER.LOAD, moved to LOADLIB/IEBTSUB
2025-04-10 15:29:57.193048 - Found alias IKJEFTAP to IKJTABLS in IBMUSER.LOAD, moved to PDS/IKJEFTAP
2025-04-10 15:29:57.193087 - Found alias IKJEFTE2 to IKJTABLS in IBMUSER.LOAD, moved to PDS/IKJEFTE2
2025-04-10 15:29:57.193125 - Found alias IKJEFTE8 to IKJTABLS in IBMUSER.LOAD, moved to PDS/IKJEFTE8
2025-04-10 15:29:57.193162 - Found alias IKJEFTNS to IKJTABLS in IBMUSER.LOAD, moved to PDS/IKJEFTNS
2025-04-10 15:29:57.193224 - Found IKJTABLS.bin (application/octet-stream) in IBMUSER.LOAD, moved to LOADLIB/IKJTABLS
2025-04-10 15:29:57.193423 - Found IKJTSUB.bin (application/octet-stream) in IBMUSER.LOAD, moved to LOADLIB/IKJTSUB
2025-04-10 15:29:57.193554 - Found INMXD.bin (application/octet-stream) in IBMUSER.LOAD, moved to LOADLIB/INMXD
2025-04-10 15:29:57.193598 - Found alias KKJEFTAP to KKJTABLS in IBMUSER.LOAD, moved to PDS/KKJEFTAP
2025-04-10 15:29:57.193636 - Found alias KKJEFTE2 to KKJTABLS in IBMUSER.LOAD, moved to PDS/KKJEFTE2
2025-04-10 15:29:57.193674 - Found alias KKJEFTE8 to KKJTABLS in IBMUSER.LOAD, moved to PDS/KKJEFTE8
2025-04-10 15:29:57.193711 - Found alias KKJEFTNS to KKJTABLS in IBMUSER.LOAD, moved to PDS/KKJEFTNS
2025-04-10 15:29:57.193774 - Found KKJTABLS.bin (application/octet-stream) in IBMUSER.LOAD, moved to LOADLIB/KKJTABLS
2025-04-10 15:29:57.193837 - Found KMBAPFLB.bin (application/octet-stream) in IBMUSER.LOAD, moved to LOADLIB/KMBAPFLB
2025-04-10 15:29:57.193898 - Found LISTMOD.bin (application/octet-stream) in IBMUSER.LOAD, moved to LOADLIB/LISTMOD
2025-04-10 15:29:57.194158 - Found LLWA.bin (application/octet-stream) in IBMUSER.LOAD, moved to LOADLIB/LLWA
2025-04-10 15:29:57.194298 - Found LOADTEST.bin (application/octet-stream) in IBMUSER.LOAD, moved to LOADLIB/LOADTEST
2025-04-10 15:29:57.194345 - Found alias LOADTN to LOADTEST in IBMUSER.LOAD, moved to PDS/LOADTN
2025-04-10 15:29:57.194447 - Found LOBFREXT.bin (application/octet-stream) in IBMUSER.LOAD, moved to LOADLIB/LOBFREXT
2025-04-10 15:29:57.194506 - Found LOCATE.bin (application/octet-stream) in IBMUSER.LOAD, moved to LOADLIB/LOCATE
2025-04-10 15:29:57.194630 - Found LOGOPTS.bin (application/octet-stream) in IBMUSER.LOAD, moved to LOADLIB/LOGOPTS
2025-04-10 15:29:57.194842 - Found LOKSES.bin (application/octet-stream) in IBMUSER.LOAD, moved to LOADLIB/LOKSES
2025-04-10 15:29:57.195170 - Found LOOK.bin (application/octet-stream) in IBMUSER.LOAD, moved to LOADLIB/LOOK
2025-04-10 15:29:57.195228 - Found LPALST.bin (application/octet-stream) in IBMUSER.LOAD, moved to LOADLIB/LPALST
2025-04-10 15:29:57.195288 - Found LSLT.bin (application/octet-stream) in IBMUSER.LOAD, moved to LOADLIB/LSLT
2025-04-10 15:29:57.195349 - Found LWATEDIT.bin (application/octet-stream) in IBMUSER.LOAD, moved to LOADLIB/LWATEDIT
2025-04-10 15:29:57.195443 - Found LWATMGR.bin (application/octet-stream) in IBMUSER.LOAD, moved to LOADLIB/LWATMGR
2025-04-10 15:29:57.195500 - Found MEMZAP.bin (application/octet-stream) in IBMUSER.LOAD, moved to LOADLIB/MEMZAP
2025-04-10 15:29:57.195561 - Found NOLOGOF.bin (application/octet-stream) in IBMUSER.LOAD, moved to LOADLIB/NOLOGOF
2025-04-10 15:29:57.195631 - Found ONLCLEAR.bin (application/octet-stream) in IBMUSER.LOAD, moved to LOADLIB/ONLCLEAR
2025-04-10 15:29:57.195791 - Found ONLCLIP.bin (application/octet-stream) in IBMUSER.LOAD, moved to LOADLIB/ONLCLIP
2025-04-10 15:29:57.195951 - Found PDSLOAD.bin (application/octet-stream) in IBMUSER.LOAD, moved to LOADLIB/PDSLOAD
2025-04-10 15:29:57.195998 - Found alias PDSLOADW to PDSLOAD in IBMUSER.LOAD, moved to PDS/PDSLOADW
2025-04-10 15:29:57.196057 - Found PRFBIGA.bin (application/octet-stream) in IBMUSER.LOAD, moved to LOADLIB/PRFBIGA
2025-04-10 15:29:57.196118 - Found PRFSMLA.bin (application/octet-stream) in IBMUSER.LOAD, moved to LOADLIB/PRFSMLA
2025-04-10 15:29:57.196181 - Found RACROUT.bin (application/octet-stream) in IBMUSER.LOAD, moved to LOADLIB/RACROUT
2025-04-10 15:29:57.196242 - Found RDHAPSVC.bin (application/octet-stream) in IBMUSER.LOAD, moved to LOADLIB/RDHAPSVC
2025-04-10 15:29:57.196402 - Found RDHINSTL.bin (application/octet-stream) in IBMUSER.LOAD, moved to LOADLIB/RDHINSTL
2025-04-10 15:29:57.196462 - Found RECONLIM.bin (application/octet-stream) in IBMUSER.LOAD, moved to LOADLIB/RECONLIM
2025-04-10 15:29:57.196519 - Found RELOGON.bin (application/octet-stream) in IBMUSER.LOAD, moved to LOADLIB/RELOGON
2025-04-10 15:29:57.196577 - Found RLOAD.bin (application/octet-stream) in IBMUSER.LOAD, moved to LOADLIB/RLOAD
2025-04-10 15:29:57.196634 - Found RLOADA.bin (application/octet-stream) in IBMUSER.LOAD, moved to LOADLIB/RLOADA
2025-04-10 15:29:57.196701 - Found SCRSIZE.bin (application/octet-stream) in IBMUSER.LOAD, moved to LOADLIB/SCRSIZE
2025-04-10 15:29:57.196768 - Found SETPW2.bin (application/octet-stream) in IBMUSER.LOAD, moved to LOADLIB/SETPW2
2025-04-10 15:29:57.196873 - Found SHOWRLGB.bin (application/octet-stream) in IBMUSER.LOAD, moved to LOADLIB/SHOWRLGB
2025-04-10 15:29:57.197007 - Found SHOWSS.bin (application/octet-stream) in IBMUSER.LOAD, moved to LOADLIB/SHOWSS
2025-04-10 15:29:57.197095 - Found SHOWTCAS.bin (application/octet-stream) in IBMUSER.LOAD, moved to LOADLIB/SHOWTCAS
2025-04-10 15:29:57.197220 - Found SHOWTPVT.bin (application/octet-stream) in IBMUSER.LOAD, moved to LOADLIB/SHOWTPVT
2025-04-10 15:29:57.197456 - Found SHOWTSB.bin (application/octet-stream) in IBMUSER.LOAD, moved to LOADLIB/SHOWTSB
2025-04-10 15:29:57.197643 - Found STEPLIB.bin (application/octet-stream) in IBMUSER.LOAD, moved to LOADLIB/STEPLIB
2025-04-10 15:29:57.197703 - Found TERMSIZE.bin (application/octet-stream) in IBMUSER.LOAD, moved to LOADLIB/TERMSIZE
2025-04-10 15:29:57.197762 - Found TOKGRUP.bin (application/octet-stream) in IBMUSER.LOAD, moved to LOADLIB/TOKGRUP
2025-04-10 15:29:57.197823 - Found TOKUSER.bin (application/octet-stream) in IBMUSER.LOAD, moved to LOADLIB/TOKUSER
2025-04-10 15:29:57.197880 - Found TRMSZRPT.bin (application/octet-stream) in IBMUSER.LOAD, moved to LOADLIB/TRMSZRPT
2025-04-10 15:29:57.197938 - Found TSOFIND.bin (application/octet-stream) in IBMUSER.LOAD, moved to LOADLIB/TSOFIND
2025-04-10 15:29:57.198007 - Found TSUB.bin (application/octet-stream) in IBMUSER.LOAD, moved to LOADLIB/TSUB
2025-04-10 15:29:57.198069 - Found TSUINFO.bin (application/octet-stream) in IBMUSER.LOAD, moved to LOADLIB/TSUINFO
2025-04-10 15:29:57.198130 - Found TSVTTMO.bin (application/octet-stream) in IBMUSER.LOAD, moved to LOADLIB/TSVTTMO
2025-04-10 15:29:57.198189 - Found TSVT8.bin (application/octet-stream) in IBMUSER.LOAD, moved to LOADLIB/TSVT8
2025-04-10 15:29:57.198247 - Found UACEE.bin (application/octet-stream) in IBMUSER.LOAD, moved to LOADLIB/UACEE
2025-04-10 15:29:57.198304 - Found UADLIST.bin (application/octet-stream) in IBMUSER.LOAD, moved to LOADLIB/UADLIST
2025-04-10 15:29:57.198362 - Found UCB.bin (application/octet-stream) in IBMUSER.LOAD, moved to LOADLIB/UCB
2025-04-10 15:29:57.198462 - Found UCBDASD.bin (application/octet-stream) in IBMUSER.LOAD, moved to LOADLIB/UCBDASD
2025-04-10 15:29:57.198675 - Found UCBPRIV.bin (application/octet-stream) in IBMUSER.LOAD, moved to LOADLIB/UCBPRIV
2025-04-10 15:29:57.198792 - Found UCBPUBL.bin (application/octet-stream) in IBMUSER.LOAD, moved to LOADLIB/UCBPUBL
2025-04-10 15:29:57.198849 - Found UCBSTOR.bin (application/octet-stream) in IBMUSER.LOAD, moved to LOADLIB/UCBSTOR
2025-04-10 15:29:57.198909 - Found UCBTAPE.bin (application/octet-stream) in IBMUSER.LOAD, moved to LOADLIB/UCBTAPE
2025-04-10 15:29:57.198967 - Found UCBTYPE.bin (application/octet-stream) in IBMUSER.LOAD, moved to LOADLIB/UCBTYPE
2025-04-10 15:29:57.199025 - Found UGRP.bin (application/octet-stream) in IBMUSER.LOAD, moved to LOADLIB/UGRP
2025-04-10 15:29:57.199083 - Found UKEYCSA.bin (application/octet-stream) in IBMUSER.LOAD, moved to LOADLIB/UKEYCSA
2025-04-10 15:29:57.199140 - Found ULWA.bin (application/octet-stream) in IBMUSER.LOAD, moved to LOADLIB/ULWA
2025-04-10 15:29:57.199198 - Found UNAME.bin (application/octet-stream) in IBMUSER.LOAD, moved to LOADLIB/UNAME
2025-04-10 15:29:57.199257 - Found UPRC.bin (application/octet-stream) in IBMUSER.LOAD, moved to LOADLIB/UPRC
2025-04-10 15:29:57.199354 - Found USAT.bin (application/octet-stream) in IBMUSER.LOAD, moved to LOADLIB/USAT
2025-04-10 15:29:57.199509 - Found USERMAX.bin (application/octet-stream) in IBMUSER.LOAD, moved to LOADLIB/USERMAX
2025-04-10 15:29:57.199698 - Found USIT.bin (application/octet-stream) in IBMUSER.LOAD, moved to LOADLIB/USIT
2025-04-10 15:29:57.199759 - Found USOT.bin (application/octet-stream) in IBMUSER.LOAD, moved to LOADLIB/USOT
2025-04-10 15:29:57.199827 - Found USPT.bin (application/octet-stream) in IBMUSER.LOAD, moved to LOADLIB/USPT
2025-04-10 15:29:57.199887 - Found USTT.bin (application/octet-stream) in IBMUSER.LOAD, moved to LOADLIB/USTT
2025-04-10 15:29:57.199945 - Found USUR.bin (application/octet-stream) in IBMUSER.LOAD, moved to LOADLIB/USUR
2025-04-10 15:29:57.200003 - Found USUT.bin (application/octet-stream) in IBMUSER.LOAD, moved to LOADLIB/USUT
2025-04-10 15:29:57.200127 - Found USVT.bin (application/octet-stream) in IBMUSER.LOAD, moved to LOADLIB/USVT
2025-04-10 15:29:57.200193 - Found USWT.bin (application/octet-stream) in IBMUSER.LOAD, moved to LOADLIB/USWT
2025-04-10 15:29:57.200256 - Found USXT.bin (application/octet-stream) in IBMUSER.LOAD, moved to LOADLIB/USXT
2025-04-10 15:29:57.200322 - Found USYT.bin (application/octet-stream) in IBMUSER.LOAD, moved to LOADLIB/USYT
2025-04-10 15:29:57.200383 - Found USZT.bin (application/octet-stream) in IBMUSER.LOAD, moved to LOADLIB/USZT
2025-04-10 15:29:57.200446 - Found UTKGP.bin (application/octet-stream) in IBMUSER.LOAD, moved to LOADLIB/UTKGP
2025-04-10 15:29:57.200512 - Found UTKID.bin (application/octet-stream) in IBMUSER.LOAD, moved to LOADLIB/UTKID
2025-04-10 15:29:57.200572 - Found UTSB.bin (application/octet-stream) in IBMUSER.LOAD, moved to LOADLIB/UTSB
2025-04-10 15:29:57.200635 - Found WAITT.bin (application/octet-stream) in IBMUSER.LOAD, moved to LOADLIB/WAITT
2025-04-10 15:29:57.200741 - Found XOR.bin (application/octet-stream) in IBMUSER.LOAD, moved to LOADLIB/XOR
2025-04-10 15:29:57.200891 - Found ZAPLWA.bin (application/octet-stream) in IBMUSER.LOAD, moved to LOADLIB/ZAPLWA
2025-04-10 15:29:57.204675 - Found LWAEDIT1.txt (text/plain) in SBGOLOB.CBT509.FILE797, moved to PDS/LWAEDIT1
2025-04-10 15:29:57.204753 - Found LWATEDI$.jcl (text/plain) in SBGOLOB.CBT509.FILE797, moved to PDS/LWATEDI$
2025-04-10 15:29:57.204831 - Found LWATEDI@.txt (text/plain) in SBGOLOB.CBT509.FILE797, moved to PDS/LWATEDI@
2025-04-10 15:29:57.204964 - Found LWATEDIT.txt (text/plain) in SBGOLOB.CBT509.FILE797, moved to PDS/LWATEDIT
2025-04-10 15:29:57.205492 - Found LWATMGR.txt (text/plain) in SBGOLOB.CBT509.FILE797, moved to PDS/LWATMGR
2025-04-10 15:29:57.205660 - Found LWATMGR$.jcl (text/plain) in SBGOLOB.CBT509.FILE797, moved to PDS/LWATMGR$
2025-04-10 15:29:57.205734 - Found LWATMGR@.txt (text/plain) in SBGOLOB.CBT509.FILE797, moved to PDS/LWATMGR@
2025-04-10 15:29:57.207637 - Found MACLIB.xmi (application/xmit) in SBGOLOB.CBT509.FILE797, moved to PDS/MACLIB.xmi
2025-04-10 15:29:58.663166 - Received SBGOLOB.FILE452.MACLIB from MACLIB.xmi 
2025-04-10 15:29:58.668099 - Found #BAKR.txt (text/plain) in SBGOLOB.FILE452.MACLIB, moved to MACLIB/#BAKR
2025-04-10 15:29:58.668227 - Found #BALR.txt (text/plain) in SBGOLOB.FILE452.MACLIB, moved to MACLIB/#BALR
2025-04-10 15:29:58.668534 - Found #BLANK.txt (text/plain) in SBGOLOB.FILE452.MACLIB, moved to MACLIB/#BLANK
2025-04-10 15:29:58.668653 - Found #BLKLEN.txt (text/plain) in SBGOLOB.FILE452.MACLIB, moved to MACLIB/#BLKLEN
2025-04-10 15:29:58.668789 - Found #CATRC.txt (text/plain) in SBGOLOB.FILE452.MACLIB, moved to MACLIB/#CATRC
2025-04-10 15:29:58.668909 - Found #CCW.txt (text/plain) in SBGOLOB.FILE452.MACLIB, moved to MACLIB/#CCW
2025-04-10 15:29:58.669047 - Found #CON.txt (text/plain) in SBGOLOB.FILE452.MACLIB, moved to MACLIB/#CON
2025-04-10 15:29:58.669166 - Found #CONBASE.txt (text/plain) in SBGOLOB.FILE452.MACLIB, moved to MACLIB/#CONBASE
2025-04-10 15:29:58.669293 - Found #COPY.txt (text/plain) in SBGOLOB.FILE452.MACLIB, moved to MACLIB/#COPY
2025-04-10 15:29:58.669429 - Found #CTGFL.txt (text/plain) in SBGOLOB.FILE452.MACLIB, moved to MACLIB/#CTGFL
2025-04-10 15:29:58.669811 - Found #CTGFV.txt (text/plain) in SBGOLOB.FILE452.MACLIB, moved to MACLIB/#CTGFV
2025-04-10 15:29:58.670009 - Found #CTGPL.txt (text/plain) in SBGOLOB.FILE452.MACLIB, moved to MACLIB/#CTGPL
2025-04-10 15:29:58.670249 - Found #DATE.txt (text/plain) in SBGOLOB.FILE452.MACLIB, moved to MACLIB/#DATE
2025-04-10 15:29:58.670329 - Found #DCBEXIT.txt (text/plain) in SBGOLOB.FILE452.MACLIB, moved to MACLIB/#DCBEXIT
2025-04-10 15:29:58.670434 - Found #DCLSW.txt (text/plain) in SBGOLOB.FILE452.MACLIB, moved to MACLIB/#DCLSW
2025-04-10 15:29:58.670501 - Found #DIRSCAN.txt (text/plain) in SBGOLOB.FILE452.MACLIB, moved to MACLIB/#DIRSCAN
2025-04-10 15:29:58.670624 - Found #DSECTS.txt (text/plain) in SBGOLOB.FILE452.MACLIB, moved to MACLIB/#DSECTS
2025-04-10 15:29:58.670703 - Found #ENVIRON.txt (text/plain) in SBGOLOB.FILE452.MACLIB, moved to MACLIB/#ENVIRON
2025-04-10 15:29:58.670765 - Found #EXEC.txt (text/plain) in SBGOLOB.FILE452.MACLIB, moved to MACLIB/#EXEC
2025-04-10 15:29:58.671026 - Found #FPOST.txt (text/plain) in SBGOLOB.FILE452.MACLIB, moved to MACLIB/#FPOST
2025-04-10 15:29:58.671154 - Found #FREE.txt (text/plain) in SBGOLOB.FILE452.MACLIB, moved to MACLIB/#FREE
2025-04-10 15:29:58.671315 - Found #GET.txt (text/plain) in SBGOLOB.FILE452.MACLIB, moved to MACLIB/#GET
2025-04-10 15:29:58.671377 - Found #GETFL.txt (text/plain) in SBGOLOB.FILE452.MACLIB, moved to MACLIB/#GETFL
2025-04-10 15:29:58.671442 - Found #GOIF.txt (text/plain) in SBGOLOB.FILE452.MACLIB, moved to MACLIB/#GOIF
2025-04-10 15:29:58.671501 - Found #ICALL.txt (text/plain) in SBGOLOB.FILE452.MACLIB, moved to MACLIB/#ICALL
2025-04-10 15:29:58.671563 - Found #IKJPSCB.txt (text/plain) in SBGOLOB.FILE452.MACLIB, moved to MACLIB/#IKJPSCB
2025-04-10 15:29:58.671621 - Found #IKJUPT.txt (text/plain) in SBGOLOB.FILE452.MACLIB, moved to MACLIB/#IKJUPT
2025-04-10 15:29:58.671680 - Found #INSTACK.txt (text/plain) in SBGOLOB.FILE452.MACLIB, moved to MACLIB/#INSTACK
2025-04-10 15:29:58.671738 - Found #IOSRL.txt (text/plain) in SBGOLOB.FILE452.MACLIB, moved to MACLIB/#IOSRL
2025-04-10 15:29:58.671797 - Found #IPEND.txt (text/plain) in SBGOLOB.FILE452.MACLIB, moved to MACLIB/#IPEND
2025-04-10 15:29:58.671856 - Found #IPROC.txt (text/plain) in SBGOLOB.FILE452.MACLIB, moved to MACLIB/#IPROC
2025-04-10 15:29:58.671918 - Found #LABELS.txt (text/plain) in SBGOLOB.FILE452.MACLIB, moved to MACLIB/#LABELS
2025-04-10 15:29:58.671984 - Found #MODE.txt (text/plain) in SBGOLOB.FILE452.MACLIB, moved to MACLIB/#MODE
2025-04-10 15:29:58.672045 - Found #MODID.txt (text/plain) in SBGOLOB.FILE452.MACLIB, moved to MACLIB/#MODID
2025-04-10 15:29:58.672104 - Found #MSG.txt (text/plain) in SBGOLOB.FILE452.MACLIB, moved to MACLIB/#MSG
2025-04-10 15:29:58.672278 - Found #MVCL.txt (text/plain) in SBGOLOB.FILE452.MACLIB, moved to MACLIB/#MVCL
2025-04-10 15:29:58.672435 - Found #NULL.txt (text/plain) in SBGOLOB.FILE452.MACLIB, moved to MACLIB/#NULL
2025-04-10 15:29:58.672558 - Found #PATCH.txt (text/plain) in SBGOLOB.FILE452.MACLIB, moved to MACLIB/#PATCH
2025-04-10 15:29:58.672730 - Found #RBL.txt (text/plain) in SBGOLOB.FILE452.MACLIB, moved to MACLIB/#RBL
2025-04-10 15:29:58.672788 - Found #REGS.txt (text/plain) in SBGOLOB.FILE452.MACLIB, moved to MACLIB/#REGS
2025-04-10 15:29:58.672846 - Found #RELBR.txt (text/plain) in SBGOLOB.FILE452.MACLIB, moved to MACLIB/#RELBR
2025-04-10 15:29:58.672904 - Found #RLIF.txt (text/plain) in SBGOLOB.FILE452.MACLIB, moved to MACLIB/#RLIF
2025-04-10 15:29:58.672961 - Found #RLLI.txt (text/plain) in SBGOLOB.FILE452.MACLIB, moved to MACLIB/#RLLI
2025-04-10 15:29:58.673021 - Found #SET.txt (text/plain) in SBGOLOB.FILE452.MACLIB, moved to MACLIB/#SET
2025-04-10 15:29:58.673080 - Found #SETRC.txt (text/plain) in SBGOLOB.FILE452.MACLIB, moved to MACLIB/#SETRC
2025-04-10 15:29:58.673140 - Found #SIFT.txt (text/plain) in SBGOLOB.FILE452.MACLIB, moved to MACLIB/#SIFT
2025-04-10 15:29:58.673254 - Found #START.txt (text/plain) in SBGOLOB.FILE452.MACLIB, moved to MACLIB/#START
2025-04-10 15:29:58.673318 - Found #STARTWA.txt (text/plain) in SBGOLOB.FILE452.MACLIB, moved to MACLIB/#STARTWA
2025-04-10 15:29:58.673469 - Found #STOP.txt (text/plain) in SBGOLOB.FILE452.MACLIB, moved to MACLIB/#STOP
2025-04-10 15:29:58.673530 - Found #STOPWA.txt (text/plain) in SBGOLOB.FILE452.MACLIB, moved to MACLIB/#STOPWA
2025-04-10 15:29:58.673610 - Found #TIME.txt (text/plain) in SBGOLOB.FILE452.MACLIB, moved to MACLIB/#TIME
2025-04-10 15:29:58.673671 - Found #TSOTERM.txt (text/plain) in SBGOLOB.FILE452.MACLIB, moved to MACLIB/#TSOTERM
2025-04-10 15:29:58.673932 - Found ALLOC.txt (text/plain) in SBGOLOB.FILE452.MACLIB, moved to MACLIB/ALLOC
2025-04-10 15:29:58.673997 - Found BEGIN.txt (text/plain) in SBGOLOB.FILE452.MACLIB, moved to MACLIB/BEGIN
2025-04-10 15:29:58.674057 - Found BEGINWKA.txt (text/plain) in SBGOLOB.FILE452.MACLIB, moved to MACLIB/BEGINWKA
2025-04-10 15:29:58.674116 - Found BLOCKLEN.txt (text/plain) in SBGOLOB.FILE452.MACLIB, moved to MACLIB/BLOCKLEN
2025-04-10 15:29:58.674176 - Found CICB.txt (text/plain) in SBGOLOB.FILE452.MACLIB, moved to MACLIB/CICB
2025-04-10 15:29:58.674240 - Found DCLSW.txt (text/plain) in SBGOLOB.FILE452.MACLIB, moved to MACLIB/DCLSW
2025-04-10 15:29:58.674299 - Found DEFAULT.txt (text/plain) in SBGOLOB.FILE452.MACLIB, moved to MACLIB/DEFAULT
2025-04-10 15:29:58.674358 - Found DYNSPACE.txt (text/plain) in SBGOLOB.FILE452.MACLIB, moved to MACLIB/DYNSPACE
2025-04-10 15:29:58.674416 - Found EXIT.txt (text/plain) in SBGOLOB.FILE452.MACLIB, moved to MACLIB/EXIT
2025-04-10 15:29:58.674474 - Found EXITWKA.txt (text/plain) in SBGOLOB.FILE452.MACLIB, moved to MACLIB/EXITWKA
2025-04-10 15:29:58.674534 - Found FREE.txt (text/plain) in SBGOLOB.FILE452.MACLIB, moved to MACLIB/FREE
2025-04-10 15:29:58.674595 - Found GOIF.txt (text/plain) in SBGOLOB.FILE452.MACLIB, moved to MACLIB/GOIF
2025-04-10 15:29:58.674654 - Found GOIFM.txt (text/plain) in SBGOLOB.FILE452.MACLIB, moved to MACLIB/GOIFM
2025-04-10 15:29:58.674724 - Found IDAAMDSB.txt (text/plain) in SBGOLOB.FILE452.MACLIB, moved to MACLIB/IDAAMDSB
2025-04-10 15:29:58.674784 - Found IEFZB4D5.txt (text/plain) in SBGOLOB.FILE452.MACLIB, moved to MACLIB/IEFZB4D5
2025-04-10 15:29:58.674948 - Found IEFZB421.txt (text/plain) in SBGOLOB.FILE452.MACLIB, moved to MACLIB/IEFZB421
2025-04-10 15:29:58.675065 - Found IEFZB461.txt (text/plain) in SBGOLOB.FILE452.MACLIB, moved to MACLIB/IEFZB461
2025-04-10 15:29:58.675124 - Found IEZCAML.txt (text/plain) in SBGOLOB.FILE452.MACLIB, moved to MACLIB/IEZCAML
2025-04-10 15:29:58.675184 - Found IEZCTGFL.txt (text/plain) in SBGOLOB.FILE452.MACLIB, moved to MACLIB/IEZCTGFL
2025-04-10 15:29:58.675338 - Found IEZCTGFV.txt (text/plain) in SBGOLOB.FILE452.MACLIB, moved to MACLIB/IEZCTGFV
2025-04-10 15:29:58.675514 - Found IEZCTGPL.txt (text/plain) in SBGOLOB.FILE452.MACLIB, moved to MACLIB/IEZCTGPL
2025-04-10 15:29:58.675573 - Found IEZCTGVL.txt (text/plain) in SBGOLOB.FILE452.MACLIB, moved to MACLIB/IEZCTGVL
2025-04-10 15:29:58.675630 - Found IEZCTGWA.txt (text/plain) in SBGOLOB.FILE452.MACLIB, moved to MACLIB/IEZCTGWA
2025-04-10 15:29:58.675822 - Found IGGCAXWA.txt (text/plain) in SBGOLOB.FILE452.MACLIB, moved to MACLIB/IGGCAXWA
2025-04-10 15:29:58.675953 - Found IGGCCA.txt (text/plain) in SBGOLOB.FILE452.MACLIB, moved to MACLIB/IGGCCA
2025-04-10 15:29:58.676068 - Found IGGCCX.txt (text/plain) in SBGOLOB.FILE452.MACLIB, moved to MACLIB/IGGCCX
2025-04-10 15:29:58.676127 - Found IHAQDB.txt (text/plain) in SBGOLOB.FILE452.MACLIB, moved to MACLIB/IHAQDB
2025-04-10 15:29:58.676306 - Found IHARLD.txt (text/plain) in SBGOLOB.FILE452.MACLIB, moved to MACLIB/IHARLD
2025-04-10 15:29:58.676363 - Found IOSDIOVT.txt (text/plain) in SBGOLOB.FILE452.MACLIB, moved to MACLIB/IOSDIOVT
2025-04-10 15:29:58.676424 - Found IOSDULUT.txt (text/plain) in SBGOLOB.FILE452.MACLIB, moved to MACLIB/IOSDULUT
2025-04-10 15:29:58.676570 - Found IOSDULU2.txt (text/plain) in SBGOLOB.FILE452.MACLIB, moved to MACLIB/IOSDULU2
2025-04-10 15:29:58.676703 - Found IOSDULU3.txt (text/plain) in SBGOLOB.FILE452.MACLIB, moved to MACLIB/IOSDULU3
2025-04-10 15:29:58.676936 - Found ISPLINK.txt (text/plain) in SBGOLOB.FILE452.MACLIB, moved to MACLIB/ISPLINK
2025-04-10 15:29:58.677061 - Found MASK.txt (text/plain) in SBGOLOB.FILE452.MACLIB, moved to MACLIB/MASK
2025-04-10 15:29:58.677118 - Found RCPBFRG.txt (text/plain) in SBGOLOB.FILE452.MACLIB, moved to MACLIB/RCPBFRG
2025-04-10 15:29:58.677175 - Found RCPBFRGS.txt (text/plain) in SBGOLOB.FILE452.MACLIB, moved to MACLIB/RCPBFRGS
2025-04-10 15:29:58.677234 - Found RCPBFSP.txt (text/plain) in SBGOLOB.FILE452.MACLIB, moved to MACLIB/RCPBFSP
2025-04-10 15:29:58.677294 - Found RCPBTU.txt (text/plain) in SBGOLOB.FILE452.MACLIB, moved to MACLIB/RCPBTU
2025-04-10 15:29:58.677351 - Found RCPBTU2.txt (text/plain) in SBGOLOB.FILE452.MACLIB, moved to MACLIB/RCPBTU2
2025-04-10 15:29:58.677409 - Found RCPCHARS.txt (text/plain) in SBGOLOB.FILE452.MACLIB, moved to MACLIB/RCPCHARS
2025-04-10 15:29:58.677466 - Found RCPCKID.txt (text/plain) in SBGOLOB.FILE452.MACLIB, moved to MACLIB/RCPCKID
2025-04-10 15:29:58.677531 - Found RCPDBUMP.txt (text/plain) in SBGOLOB.FILE452.MACLIB, moved to MACLIB/RCPDBUMP
2025-04-10 15:29:58.677590 - Found RCPDCLAS.txt (text/plain) in SBGOLOB.FILE452.MACLIB, moved to MACLIB/RCPDCLAS
2025-04-10 15:29:58.677653 - Found RCPDDCB.txt (text/plain) in SBGOLOB.FILE452.MACLIB, moved to MACLIB/RCPDDCB
2025-04-10 15:29:58.677711 - Found RCPDDN.txt (text/plain) in SBGOLOB.FILE452.MACLIB, moved to MACLIB/RCPDDN
2025-04-10 15:29:58.677768 - Found RCPDDNRT.txt (text/plain) in SBGOLOB.FILE452.MACLIB, moved to MACLIB/RCPDDNRT
2025-04-10 15:29:58.677829 - Found RCPDEBUG.txt (text/plain) in SBGOLOB.FILE452.MACLIB, moved to MACLIB/RCPDEBUG
2025-04-10 15:29:58.677886 - Found RCPDEFER.txt (text/plain) in SBGOLOB.FILE452.MACLIB, moved to MACLIB/RCPDEFER
2025-04-10 15:29:58.678002 - Found RCPDFPL.txt (text/plain) in SBGOLOB.FILE452.MACLIB, moved to MACLIB/RCPDFPL
2025-04-10 15:29:58.678148 - Found RCPDINC.txt (text/plain) in SBGOLOB.FILE452.MACLIB, moved to MACLIB/RCPDINC
2025-04-10 15:29:58.678282 - Found RCPDISP.txt (text/plain) in SBGOLOB.FILE452.MACLIB, moved to MACLIB/RCPDISP
2025-04-10 15:29:58.678405 - Found RCPDS.txt (text/plain) in SBGOLOB.FILE452.MACLIB, moved to MACLIB/RCPDS
2025-04-10 15:29:58.678463 - Found RCPDSECT.txt (text/plain) in SBGOLOB.FILE452.MACLIB, moved to MACLIB/RCPDSECT
2025-04-10 15:29:58.678520 - Found RCPDSN.txt (text/plain) in SBGOLOB.FILE452.MACLIB, moved to MACLIB/RCPDSN
2025-04-10 15:29:58.678576 - Found RCPDSNPD.txt (text/plain) in SBGOLOB.FILE452.MACLIB, moved to MACLIB/RCPDSNPD
2025-04-10 15:29:58.678634 - Found RCPDSNRT.txt (text/plain) in SBGOLOB.FILE452.MACLIB, moved to MACLIB/RCPDSNRT
2025-04-10 15:29:58.678692 - Found RCPDSNT.txt (text/plain) in SBGOLOB.FILE452.MACLIB, moved to MACLIB/RCPDSNT
2025-04-10 15:29:58.678749 - Found RCPDSRGR.txt (text/plain) in SBGOLOB.FILE452.MACLIB, moved to MACLIB/RCPDSRGR
2025-04-10 15:29:58.678805 - Found RCPDUMMY.txt (text/plain) in SBGOLOB.FILE452.MACLIB, moved to MACLIB/RCPDUMMY
2025-04-10 15:29:58.678864 - Found RCPEATTR.txt (text/plain) in SBGOLOB.FILE452.MACLIB, moved to MACLIB/RCPEATTR
2025-04-10 15:29:58.678920 - Found RCPEDIT.txt (text/plain) in SBGOLOB.FILE452.MACLIB, moved to MACLIB/RCPEDIT
2025-04-10 15:29:58.678976 - Found RCPENDD.txt (text/plain) in SBGOLOB.FILE452.MACLIB, moved to MACLIB/RCPENDD
2025-04-10 15:29:58.679033 - Found RCPEROPT.txt (text/plain) in SBGOLOB.FILE452.MACLIB, moved to MACLIB/RCPEROPT
2025-04-10 15:29:58.679091 - Found RCPFCB.txt (text/plain) in SBGOLOB.FILE452.MACLIB, moved to MACLIB/RCPFCB
2025-04-10 15:29:58.679210 - Found RCPFDDN.txt (text/plain) in SBGOLOB.FILE452.MACLIB, moved to MACLIB/RCPFDDN
2025-04-10 15:29:58.679267 - Found RCPFDISP.txt (text/plain) in SBGOLOB.FILE452.MACLIB, moved to MACLIB/RCPFDISP
2025-04-10 15:29:58.679323 - Found RCPFDSN.txt (text/plain) in SBGOLOB.FILE452.MACLIB, moved to MACLIB/RCPFDSN
2025-04-10 15:29:58.679380 - Found RCPFHOLD.txt (text/plain) in SBGOLOB.FILE452.MACLIB, moved to MACLIB/RCPFHOLD
2025-04-10 15:29:58.679437 - Found RCPFLASH.txt (text/plain) in SBGOLOB.FILE452.MACLIB, moved to MACLIB/RCPFLASH
2025-04-10 15:29:58.679493 - Found RCPFORUS.txt (text/plain) in SBGOLOB.FILE452.MACLIB, moved to MACLIB/RCPFORUS
2025-04-10 15:29:58.679553 - Found RCPFREE.txt (text/plain) in SBGOLOB.FILE452.MACLIB, moved to MACLIB/RCPFREE
2025-04-10 15:29:58.679611 - Found RCPINSUL.txt (text/plain) in SBGOLOB.FILE452.MACLIB, moved to MACLIB/RCPINSUL
2025-04-10 15:29:58.679668 - Found RCPIOPL.txt (text/plain) in SBGOLOB.FILE452.MACLIB, moved to MACLIB/RCPIOPL
2025-04-10 15:29:58.679726 - Found RCPLABEL.txt (text/plain) in SBGOLOB.FILE452.MACLIB, moved to MACLIB/RCPLABEL
2025-04-10 15:29:58.679789 - Found RCPLINK.txt (text/plain) in SBGOLOB.FILE452.MACLIB, moved to MACLIB/RCPLINK
2025-04-10 15:29:58.679894 - Found RCPLOAD.txt (text/plain) in SBGOLOB.FILE452.MACLIB, moved to MACLIB/RCPLOAD
2025-04-10 15:29:58.679954 - Found RCPLOCSW.txt (text/plain) in SBGOLOB.FILE452.MACLIB, moved to MACLIB/RCPLOCSW
2025-04-10 15:29:58.680118 - Found RCPLOCS1.txt (text/plain) in SBGOLOB.FILE452.MACLIB, moved to MACLIB/RCPLOCS1
2025-04-10 15:29:58.680176 - Found RCPLOCS2.txt (text/plain) in SBGOLOB.FILE452.MACLIB, moved to MACLIB/RCPLOCS2
2025-04-10 15:29:58.680437 - Found RCPMCA.txt (text/plain) in SBGOLOB.FILE452.MACLIB, moved to MACLIB/RCPMCA
2025-04-10 15:29:58.680608 - Found RCPMCLAS.txt (text/plain) in SBGOLOB.FILE452.MACLIB, moved to MACLIB/RCPMCLAS
2025-04-10 15:29:58.680673 - Found RCPMSVGP.txt (text/plain) in SBGOLOB.FILE452.MACLIB, moved to MACLIB/RCPMSVGP
2025-04-10 15:29:58.680735 - Found RCPMUDEP.txt (text/plain) in SBGOLOB.FILE452.MACLIB, moved to MACLIB/RCPMUDEP
2025-04-10 15:29:58.680802 - Found RCPMUEXC.txt (text/plain) in SBGOLOB.FILE452.MACLIB, moved to MACLIB/RCPMUEXC
2025-04-10 15:29:58.680865 - Found RCPNTU.txt (text/plain) in SBGOLOB.FILE452.MACLIB, moved to MACLIB/RCPNTU
2025-04-10 15:29:58.680932 - Found RCPOPTCD.txt (text/plain) in SBGOLOB.FILE452.MACLIB, moved to MACLIB/RCPOPTCD
2025-04-10 15:29:58.680996 - Found RCPOUTLI.txt (text/plain) in SBGOLOB.FILE452.MACLIB, moved to MACLIB/RCPOUTLI
2025-04-10 15:29:58.681057 - Found RCPPERM.txt (text/plain) in SBGOLOB.FILE452.MACLIB, moved to MACLIB/RCPPERM
2025-04-10 15:29:58.681120 - Found RCPPPL.txt (text/plain) in SBGOLOB.FILE452.MACLIB, moved to MACLIB/RCPPPL
2025-04-10 15:29:58.681185 - Found RCPPRIV.txt (text/plain) in SBGOLOB.FILE452.MACLIB, moved to MACLIB/RCPPRIV
2025-04-10 15:29:58.681250 - Found RCPPROC.txt (text/plain) in SBGOLOB.FILE452.MACLIB, moved to MACLIB/RCPPROC
2025-04-10 15:29:58.681314 - Found RCPPROT.txt (text/plain) in SBGOLOB.FILE452.MACLIB, moved to MACLIB/RCPPROT
2025-04-10 15:29:58.681375 - Found RCPPSWD.txt (text/plain) in SBGOLOB.FILE452.MACLIB, moved to MACLIB/RCPPSWD
2025-04-10 15:29:58.681440 - Found RCPQNAME.txt (text/plain) in SBGOLOB.FILE452.MACLIB, moved to MACLIB/RCPQNAME
2025-04-10 15:29:58.681505 - Found RCPRNGE.txt (text/plain) in SBGOLOB.FILE452.MACLIB, moved to MACLIB/RCPRNGE
2025-04-10 15:29:58.681568 - Found RCPSCLAS.txt (text/plain) in SBGOLOB.FILE452.MACLIB, moved to MACLIB/RCPSCLAS
2025-04-10 15:29:58.681759 - Found RCPSPACE.txt (text/plain) in SBGOLOB.FILE452.MACLIB, moved to MACLIB/RCPSPACE
2025-04-10 15:29:58.681830 - Found RCPSPEC.txt (text/plain) in SBGOLOB.FILE452.MACLIB, moved to MACLIB/RCPSPEC
2025-04-10 15:29:58.681893 - Found RCPSR2.txt (text/plain) in SBGOLOB.FILE452.MACLIB, moved to MACLIB/RCPSR2
2025-04-10 15:29:58.682031 - Found RCPSSREQ.txt (text/plain) in SBGOLOB.FILE452.MACLIB, moved to MACLIB/RCPSSREQ
2025-04-10 15:29:58.682159 - Found RCPSUBL.txt (text/plain) in SBGOLOB.FILE452.MACLIB, moved to MACLIB/RCPSUBL
2025-04-10 15:29:58.682418 - Found RCPSUBS.txt (text/plain) in SBGOLOB.FILE452.MACLIB, moved to MACLIB/RCPSUBS
2025-04-10 15:29:58.682478 - Found RCPSYSOU.txt (text/plain) in SBGOLOB.FILE452.MACLIB, moved to MACLIB/RCPSYSOU
2025-04-10 15:29:58.682535 - Found RCPTERM.txt (text/plain) in SBGOLOB.FILE452.MACLIB, moved to MACLIB/RCPTERM
2025-04-10 15:29:58.682596 - Found RCPTU.txt (text/plain) in SBGOLOB.FILE452.MACLIB, moved to MACLIB/RCPTU
2025-04-10 15:29:58.682654 - Found RCPTUBFR.txt (text/plain) in SBGOLOB.FILE452.MACLIB, moved to MACLIB/RCPTUBFR
2025-04-10 15:29:58.682713 - Found RCPTUBFX.txt (text/plain) in SBGOLOB.FILE452.MACLIB, moved to MACLIB/RCPTUBFX
2025-04-10 15:29:58.682773 - Found RCPTXTL.txt (text/plain) in SBGOLOB.FILE452.MACLIB, moved to MACLIB/RCPTXTL
2025-04-10 15:29:58.682831 - Found RCPTYPE.txt (text/plain) in SBGOLOB.FILE452.MACLIB, moved to MACLIB/RCPTYPE
2025-04-10 15:29:58.682891 - Found RCPUCS.txt (text/plain) in SBGOLOB.FILE452.MACLIB, moved to MACLIB/RCPUCS
2025-04-10 15:29:58.682948 - Found RCPUNALC.txt (text/plain) in SBGOLOB.FILE452.MACLIB, moved to MACLIB/RCPUNALC
2025-04-10 15:29:58.683040 - Found RCPUNIT.txt (text/plain) in SBGOLOB.FILE452.MACLIB, moved to MACLIB/RCPUNIT
2025-04-10 15:29:58.683237 - Found RCPUNITC.txt (text/plain) in SBGOLOB.FILE452.MACLIB, moved to MACLIB/RCPUNITC
2025-04-10 15:29:58.683449 - Found RCPVCHAR.txt (text/plain) in SBGOLOB.FILE452.MACLIB, moved to MACLIB/RCPVCHAR
2025-04-10 15:29:58.683595 - Found RCPVOLC.txt (text/plain) in SBGOLOB.FILE452.MACLIB, moved to MACLIB/RCPVOLC
2025-04-10 15:29:58.683655 - Found RCPVOLCT.txt (text/plain) in SBGOLOB.FILE452.MACLIB, moved to MACLIB/RCPVOLCT
2025-04-10 15:29:58.683712 - Found RCPVOLRT.txt (text/plain) in SBGOLOB.FILE452.MACLIB, moved to MACLIB/RCPVOLRT
2025-04-10 15:29:58.683773 - Found SET.txt (text/plain) in SBGOLOB.FILE452.MACLIB, moved to MACLIB/SET
2025-04-10 15:29:58.683835 - Found SHI.txt (text/plain) in SBGOLOB.FILE452.MACLIB, moved to MACLIB/SHI
2025-04-10 15:29:58.683892 - Found S99FAIL.txt (text/plain) in SBGOLOB.FILE452.MACLIB, moved to MACLIB/S99FAIL
2025-04-10 15:29:58.683951 - Found TERMIO.txt (text/plain) in SBGOLOB.FILE452.MACLIB, moved to MACLIB/TERMIO
2025-04-10 15:29:58.684010 - Found TIOTSCAN.txt (text/plain) in SBGOLOB.FILE452.MACLIB, moved to MACLIB/TIOTSCAN
2025-04-10 15:29:58.684067 - Found ULUPARM.txt (text/plain) in SBGOLOB.FILE452.MACLIB, moved to MACLIB/ULUPARM
2025-04-10 15:29:58.684130 - Found ULUTSCAN.txt (text/plain) in SBGOLOB.FILE452.MACLIB, moved to MACLIB/ULUTSCAN
2025-04-10 15:29:58.690484 - Found MACLIBO.xmi (application/xmit) in SBGOLOB.CBT509.FILE797, moved to PDS/MACLIBO.xmi
2025-04-10 15:29:59.703558 - Received SBGOLOB.FILE452.MACLIB from MACLIBO.xmi 
2025-04-10 15:29:59.707299 - Found #BALR.txt (text/plain) in SBGOLOB.FILE452.MACLIB, moved to MACLIBO/#BALR
2025-04-10 15:29:59.707421 - Found #BLANK.txt (text/plain) in SBGOLOB.FILE452.MACLIB, moved to MACLIBO/#BLANK
2025-04-10 15:29:59.707530 - Found #BLKLEN.txt (text/plain) in SBGOLOB.FILE452.MACLIB, moved to MACLIBO/#BLKLEN
2025-04-10 15:29:59.707710 - Found #CATRC.txt (text/plain) in SBGOLOB.FILE452.MACLIB, moved to MACLIBO/#CATRC
2025-04-10 15:29:59.707817 - Found #CCW.txt (text/plain) in SBGOLOB.FILE452.MACLIB, moved to MACLIBO/#CCW
2025-04-10 15:29:59.707921 - Found #COPY.txt (text/plain) in SBGOLOB.FILE452.MACLIB, moved to MACLIBO/#COPY
2025-04-10 15:29:59.708036 - Found #CTGFL.txt (text/plain) in SBGOLOB.FILE452.MACLIB, moved to MACLIBO/#CTGFL
2025-04-10 15:29:59.708147 - Found #CTGFV.txt (text/plain) in SBGOLOB.FILE452.MACLIB, moved to MACLIBO/#CTGFV
2025-04-10 15:29:59.708255 - Found #CTGPL.txt (text/plain) in SBGOLOB.FILE452.MACLIB, moved to MACLIBO/#CTGPL
2025-04-10 15:29:59.708369 - Found #DATE.txt (text/plain) in SBGOLOB.FILE452.MACLIB, moved to MACLIBO/#DATE
2025-04-10 15:29:59.708550 - Found #DCBEXIT.txt (text/plain) in SBGOLOB.FILE452.MACLIB, moved to MACLIBO/#DCBEXIT
2025-04-10 15:29:59.708657 - Found #DCLSW.txt (text/plain) in SBGOLOB.FILE452.MACLIB, moved to MACLIBO/#DCLSW
2025-04-10 15:29:59.708755 - Found #DIRSCAN.txt (text/plain) in SBGOLOB.FILE452.MACLIB, moved to MACLIBO/#DIRSCAN
2025-04-10 15:29:59.708874 - Found #DSECTS.txt (text/plain) in SBGOLOB.FILE452.MACLIB, moved to MACLIBO/#DSECTS
2025-04-10 15:29:59.709011 - Found #EXEC.txt (text/plain) in SBGOLOB.FILE452.MACLIB, moved to MACLIBO/#EXEC
2025-04-10 15:29:59.709109 - Found #FPOST.txt (text/plain) in SBGOLOB.FILE452.MACLIB, moved to MACLIBO/#FPOST
2025-04-10 15:29:59.709206 - Found #FREE.txt (text/plain) in SBGOLOB.FILE452.MACLIB, moved to MACLIBO/#FREE
2025-04-10 15:29:59.709307 - Found #GET.txt (text/plain) in SBGOLOB.FILE452.MACLIB, moved to MACLIBO/#GET
2025-04-10 15:29:59.709442 - Found #GETFL.txt (text/plain) in SBGOLOB.FILE452.MACLIB, moved to MACLIBO/#GETFL
2025-04-10 15:29:59.709555 - Found #GOIF.txt (text/plain) in SBGOLOB.FILE452.MACLIB, moved to MACLIBO/#GOIF
2025-04-10 15:29:59.709666 - Found #IKJPSCB.txt (text/plain) in SBGOLOB.FILE452.MACLIB, moved to MACLIBO/#IKJPSCB
2025-04-10 15:29:59.709787 - Found #IKJUPT.txt (text/plain) in SBGOLOB.FILE452.MACLIB, moved to MACLIBO/#IKJUPT
2025-04-10 15:29:59.709889 - Found #INSTACK.txt (text/plain) in SBGOLOB.FILE452.MACLIB, moved to MACLIBO/#INSTACK
2025-04-10 15:29:59.709997 - Found #IOSRL.txt (text/plain) in SBGOLOB.FILE452.MACLIB, moved to MACLIBO/#IOSRL
2025-04-10 15:29:59.710098 - Found #LABELS.txt (text/plain) in SBGOLOB.FILE452.MACLIB, moved to MACLIBO/#LABELS
2025-04-10 15:29:59.710209 - Found #MODE.txt (text/plain) in SBGOLOB.FILE452.MACLIB, moved to MACLIBO/#MODE
2025-04-10 15:29:59.710328 - Found #MODID.txt (text/plain) in SBGOLOB.FILE452.MACLIB, moved to MACLIBO/#MODID
2025-04-10 15:29:59.710436 - Found #MSG.txt (text/plain) in SBGOLOB.FILE452.MACLIB, moved to MACLIBO/#MSG
2025-04-10 15:29:59.710551 - Found #MVCL.txt (text/plain) in SBGOLOB.FILE452.MACLIB, moved to MACLIBO/#MVCL
2025-04-10 15:29:59.710666 - Found #PATCH.txt (text/plain) in SBGOLOB.FILE452.MACLIB, moved to MACLIBO/#PATCH
2025-04-10 15:29:59.710769 - Found #REGS.txt (text/plain) in SBGOLOB.FILE452.MACLIB, moved to MACLIBO/#REGS
2025-04-10 15:29:59.710907 - Found #SET.txt (text/plain) in SBGOLOB.FILE452.MACLIB, moved to MACLIBO/#SET
2025-04-10 15:29:59.711011 - Found #SETRC.txt (text/plain) in SBGOLOB.FILE452.MACLIB, moved to MACLIBO/#SETRC
2025-04-10 15:29:59.711117 - Found #SIFT.txt (text/plain) in SBGOLOB.FILE452.MACLIB, moved to MACLIBO/#SIFT
2025-04-10 15:29:59.711229 - Found #START.txt (text/plain) in SBGOLOB.FILE452.MACLIB, moved to MACLIBO/#START
2025-04-10 15:29:59.711380 - Found #STARTWA.txt (text/plain) in SBGOLOB.FILE452.MACLIB, moved to MACLIBO/#STARTWA
2025-04-10 15:29:59.711548 - Found #STOP.txt (text/plain) in SBGOLOB.FILE452.MACLIB, moved to MACLIBO/#STOP
2025-04-10 15:29:59.711689 - Found #STOPWA.txt (text/plain) in SBGOLOB.FILE452.MACLIB, moved to MACLIBO/#STOPWA
2025-04-10 15:29:59.711808 - Found #TIME.txt (text/plain) in SBGOLOB.FILE452.MACLIB, moved to MACLIBO/#TIME
2025-04-10 15:29:59.711920 - Found #TSOTERM.txt (text/plain) in SBGOLOB.FILE452.MACLIB, moved to MACLIBO/#TSOTERM
2025-04-10 15:29:59.712027 - Found ALLOC.txt (text/plain) in SBGOLOB.FILE452.MACLIB, moved to MACLIBO/ALLOC
2025-04-10 15:29:59.712130 - Found BEGIN.txt (text/plain) in SBGOLOB.FILE452.MACLIB, moved to MACLIBO/BEGIN
2025-04-10 15:29:59.712229 - Found BEGINWKA.txt (text/plain) in SBGOLOB.FILE452.MACLIB, moved to MACLIBO/BEGINWKA
2025-04-10 15:29:59.712336 - Found BLOCKLEN.txt (text/plain) in SBGOLOB.FILE452.MACLIB, moved to MACLIBO/BLOCKLEN
2025-04-10 15:29:59.712440 - Found CICB.txt (text/plain) in SBGOLOB.FILE452.MACLIB, moved to MACLIBO/CICB
2025-04-10 15:29:59.712546 - Found DEFAULT.txt (text/plain) in SBGOLOB.FILE452.MACLIB, moved to MACLIBO/DEFAULT
2025-04-10 15:29:59.712646 - Found DYNSPACE.txt (text/plain) in SBGOLOB.FILE452.MACLIB, moved to MACLIBO/DYNSPACE
2025-04-10 15:29:59.712747 - Found EXIT.txt (text/plain) in SBGOLOB.FILE452.MACLIB, moved to MACLIBO/EXIT
2025-04-10 15:29:59.712855 - Found EXITWKA.txt (text/plain) in SBGOLOB.FILE452.MACLIB, moved to MACLIBO/EXITWKA
2025-04-10 15:29:59.712990 - Found FREE.txt (text/plain) in SBGOLOB.FILE452.MACLIB, moved to MACLIBO/FREE
2025-04-10 15:29:59.713128 - Found IDAAMDSB.txt (text/plain) in SBGOLOB.FILE452.MACLIB, moved to MACLIBO/IDAAMDSB
2025-04-10 15:29:59.713225 - Found IEFZB4D5.txt (text/plain) in SBGOLOB.FILE452.MACLIB, moved to MACLIBO/IEFZB4D5
2025-04-10 15:29:59.713356 - Found IEFZB421.txt (text/plain) in SBGOLOB.FILE452.MACLIB, moved to MACLIBO/IEFZB421
2025-04-10 15:29:59.713453 - Found IEFZB461.txt (text/plain) in SBGOLOB.FILE452.MACLIB, moved to MACLIBO/IEFZB461
2025-04-10 15:29:59.713563 - Found IEZCAML.txt (text/plain) in SBGOLOB.FILE452.MACLIB, moved to MACLIBO/IEZCAML
2025-04-10 15:29:59.713701 - Found IEZCTGFL.txt (text/plain) in SBGOLOB.FILE452.MACLIB, moved to MACLIBO/IEZCTGFL
2025-04-10 15:29:59.713844 - Found IEZCTGFV.txt (text/plain) in SBGOLOB.FILE452.MACLIB, moved to MACLIBO/IEZCTGFV
2025-04-10 15:29:59.713953 - Found IEZCTGP@.txt (text/plain) in SBGOLOB.FILE452.MACLIB, moved to MACLIBO/IEZCTGP@
2025-04-10 15:29:59.714060 - Found IEZCTGPL.txt (text/plain) in SBGOLOB.FILE452.MACLIB, moved to MACLIBO/IEZCTGPL
2025-04-10 15:29:59.714164 - Found IEZCTGVL.txt (text/plain) in SBGOLOB.FILE452.MACLIB, moved to MACLIBO/IEZCTGVL
2025-04-10 15:29:59.714266 - Found IEZCTGWA.txt (text/plain) in SBGOLOB.FILE452.MACLIB, moved to MACLIBO/IEZCTGWA
2025-04-10 15:29:59.714376 - Found IGGCAXWA.txt (text/plain) in SBGOLOB.FILE452.MACLIB, moved to MACLIBO/IGGCAXWA
2025-04-10 15:29:59.714487 - Found IGGCCA.txt (text/plain) in SBGOLOB.FILE452.MACLIB, moved to MACLIBO/IGGCCA
2025-04-10 15:29:59.714605 - Found IGGCCX.txt (text/plain) in SBGOLOB.FILE452.MACLIB, moved to MACLIBO/IGGCCX
2025-04-10 15:29:59.714732 - Found IHAQDB.txt (text/plain) in SBGOLOB.FILE452.MACLIB, moved to MACLIBO/IHAQDB
2025-04-10 15:29:59.714849 - Found IHARLD.txt (text/plain) in SBGOLOB.FILE452.MACLIB, moved to MACLIBO/IHARLD
2025-04-10 15:29:59.715024 - Found ISPLINK.txt (text/plain) in SBGOLOB.FILE452.MACLIB, moved to MACLIBO/ISPLINK
2025-04-10 15:29:59.715159 - Found MASK.txt (text/plain) in SBGOLOB.FILE452.MACLIB, moved to MACLIBO/MASK
2025-04-10 15:29:59.715270 - Found RCPBFRGS.txt (text/plain) in SBGOLOB.FILE452.MACLIB, moved to MACLIBO/RCPBFRGS
2025-04-10 15:29:59.715376 - Found RCPBFSP.txt (text/plain) in SBGOLOB.FILE452.MACLIB, moved to MACLIBO/RCPBFSP
2025-04-10 15:29:59.715475 - Found RCPBTU.txt (text/plain) in SBGOLOB.FILE452.MACLIB, moved to MACLIBO/RCPBTU
2025-04-10 15:29:59.715574 - Found RCPCKID.txt (text/plain) in SBGOLOB.FILE452.MACLIB, moved to MACLIBO/RCPCKID
2025-04-10 15:29:59.715729 - Found RCPDDCB.txt (text/plain) in SBGOLOB.FILE452.MACLIB, moved to MACLIBO/RCPDDCB
2025-04-10 15:29:59.715835 - Found RCPDDN.txt (text/plain) in SBGOLOB.FILE452.MACLIB, moved to MACLIBO/RCPDDN
2025-04-10 15:29:59.715935 - Found RCPDDNRT.txt (text/plain) in SBGOLOB.FILE452.MACLIB, moved to MACLIBO/RCPDDNRT
2025-04-10 15:29:59.716044 - Found RCPDEBUG.txt (text/plain) in SBGOLOB.FILE452.MACLIB, moved to MACLIBO/RCPDEBUG
2025-04-10 15:29:59.716149 - Found RCPDEFER.txt (text/plain) in SBGOLOB.FILE452.MACLIB, moved to MACLIBO/RCPDEFER
2025-04-10 15:29:59.716255 - Found RCPDFPL.txt (text/plain) in SBGOLOB.FILE452.MACLIB, moved to MACLIBO/RCPDFPL
2025-04-10 15:29:59.716354 - Found RCPDINC.txt (text/plain) in SBGOLOB.FILE452.MACLIB, moved to MACLIBO/RCPDINC
2025-04-10 15:29:59.716455 - Found RCPDISP.txt (text/plain) in SBGOLOB.FILE452.MACLIB, moved to MACLIBO/RCPDISP
2025-04-10 15:29:59.716572 - Found RCPDS.txt (text/plain) in SBGOLOB.FILE452.MACLIB, moved to MACLIBO/RCPDS
2025-04-10 15:29:59.716700 - Found RCPDSECT.txt (text/plain) in SBGOLOB.FILE452.MACLIB, moved to MACLIBO/RCPDSECT
2025-04-10 15:29:59.716808 - Found RCPDSN.txt (text/plain) in SBGOLOB.FILE452.MACLIB, moved to MACLIBO/RCPDSN
2025-04-10 15:29:59.716910 - Found RCPDSNPD.txt (text/plain) in SBGOLOB.FILE452.MACLIB, moved to MACLIBO/RCPDSNPD
2025-04-10 15:29:59.717013 - Found RCPDSNRT.txt (text/plain) in SBGOLOB.FILE452.MACLIB, moved to MACLIBO/RCPDSNRT
2025-04-10 15:29:59.717112 - Found RCPDSRGR.txt (text/plain) in SBGOLOB.FILE452.MACLIB, moved to MACLIBO/RCPDSRGR
2025-04-10 15:29:59.717212 - Found RCPDUMMY.txt (text/plain) in SBGOLOB.FILE452.MACLIB, moved to MACLIBO/RCPDUMMY
2025-04-10 15:29:59.717315 - Found RCPEDIT.txt (text/plain) in SBGOLOB.FILE452.MACLIB, moved to MACLIBO/RCPEDIT
2025-04-10 15:29:59.717419 - Found RCPENDD.txt (text/plain) in SBGOLOB.FILE452.MACLIB, moved to MACLIBO/RCPENDD
2025-04-10 15:29:59.717519 - Found RCPFDDN.txt (text/plain) in SBGOLOB.FILE452.MACLIB, moved to MACLIBO/RCPFDDN
2025-04-10 15:29:59.717618 - Found RCPFDISP.txt (text/plain) in SBGOLOB.FILE452.MACLIB, moved to MACLIBO/RCPFDISP
2025-04-10 15:29:59.717726 - Found RCPFDSN.txt (text/plain) in SBGOLOB.FILE452.MACLIB, moved to MACLIBO/RCPFDSN
2025-04-10 15:29:59.717842 - Found RCPFHOLD.txt (text/plain) in SBGOLOB.FILE452.MACLIB, moved to MACLIBO/RCPFHOLD
2025-04-10 15:29:59.717941 - Found RCPFORUS.txt (text/plain) in SBGOLOB.FILE452.MACLIB, moved to MACLIBO/RCPFORUS
2025-04-10 15:29:59.718042 - Found RCPFREE.txt (text/plain) in SBGOLOB.FILE452.MACLIB, moved to MACLIBO/RCPFREE
2025-04-10 15:29:59.718151 - Found RCPIOPL.txt (text/plain) in SBGOLOB.FILE452.MACLIB, moved to MACLIBO/RCPIOPL
2025-04-10 15:29:59.718252 - Found RCPLABEL.txt (text/plain) in SBGOLOB.FILE452.MACLIB, moved to MACLIBO/RCPLABEL
2025-04-10 15:29:59.718351 - Found RCPLINK.txt (text/plain) in SBGOLOB.FILE452.MACLIB, moved to MACLIBO/RCPLINK
2025-04-10 15:29:59.718456 - Found RCPLOAD.txt (text/plain) in SBGOLOB.FILE452.MACLIB, moved to MACLIBO/RCPLOAD
2025-04-10 15:29:59.718609 - Found RCPLOCSW.txt (text/plain) in SBGOLOB.FILE452.MACLIB, moved to MACLIBO/RCPLOCSW
2025-04-10 15:29:59.718704 - Found RCPMCA.txt (text/plain) in SBGOLOB.FILE452.MACLIB, moved to MACLIBO/RCPMCA
2025-04-10 15:29:59.718798 - Found RCPMSVGP.txt (text/plain) in SBGOLOB.FILE452.MACLIB, moved to MACLIBO/RCPMSVGP
2025-04-10 15:29:59.718912 - Found RCPMUDEP.txt (text/plain) in SBGOLOB.FILE452.MACLIB, moved to MACLIBO/RCPMUDEP
2025-04-10 15:29:59.719043 - Found RCPMUEXC.txt (text/plain) in SBGOLOB.FILE452.MACLIB, moved to MACLIBO/RCPMUEXC
2025-04-10 15:29:59.719169 - Found RCPNTU.txt (text/plain) in SBGOLOB.FILE452.MACLIB, moved to MACLIBO/RCPNTU
2025-04-10 15:29:59.719287 - Found RCPPERM.txt (text/plain) in SBGOLOB.FILE452.MACLIB, moved to MACLIBO/RCPPERM
2025-04-10 15:29:59.719408 - Found RCPPPL.txt (text/plain) in SBGOLOB.FILE452.MACLIB, moved to MACLIBO/RCPPPL
2025-04-10 15:29:59.719564 - Found RCPPROC.txt (text/plain) in SBGOLOB.FILE452.MACLIB, moved to MACLIBO/RCPPROC
2025-04-10 15:29:59.719687 - Found RCPPSWD.txt (text/plain) in SBGOLOB.FILE452.MACLIB, moved to MACLIBO/RCPPSWD
2025-04-10 15:29:59.719804 - Found RCPQNAME.txt (text/plain) in SBGOLOB.FILE452.MACLIB, moved to MACLIBO/RCPQNAME
2025-04-10 15:29:59.719968 - Found RCPRNGE.txt (text/plain) in SBGOLOB.FILE452.MACLIB, moved to MACLIBO/RCPRNGE
2025-04-10 15:29:59.720172 - Found RCPSPACE.txt (text/plain) in SBGOLOB.FILE452.MACLIB, moved to MACLIBO/RCPSPACE
2025-04-10 15:29:59.720306 - Found RCPSPEC.txt (text/plain) in SBGOLOB.FILE452.MACLIB, moved to MACLIBO/RCPSPEC
2025-04-10 15:29:59.720436 - Found RCPSR2.txt (text/plain) in SBGOLOB.FILE452.MACLIB, moved to MACLIBO/RCPSR2
2025-04-10 15:29:59.720563 - Found RCPSSREQ.txt (text/plain) in SBGOLOB.FILE452.MACLIB, moved to MACLIBO/RCPSSREQ
2025-04-10 15:29:59.720687 - Found RCPSUBL.txt (text/plain) in SBGOLOB.FILE452.MACLIB, moved to MACLIBO/RCPSUBL
2025-04-10 15:29:59.720809 - Found RCPSYSOU.txt (text/plain) in SBGOLOB.FILE452.MACLIB, moved to MACLIBO/RCPSYSOU
2025-04-10 15:29:59.720932 - Found RCPTERM.txt (text/plain) in SBGOLOB.FILE452.MACLIB, moved to MACLIBO/RCPTERM
2025-04-10 15:29:59.721041 - Found RCPTU.txt (text/plain) in SBGOLOB.FILE452.MACLIB, moved to MACLIBO/RCPTU
2025-04-10 15:29:59.721148 - Found RCPTUBFR.txt (text/plain) in SBGOLOB.FILE452.MACLIB, moved to MACLIBO/RCPTUBFR
2025-04-10 15:29:59.721262 - Found RCPTXTL.txt (text/plain) in SBGOLOB.FILE452.MACLIB, moved to MACLIBO/RCPTXTL
2025-04-10 15:29:59.721368 - Found RCPTYPE.txt (text/plain) in SBGOLOB.FILE452.MACLIB, moved to MACLIBO/RCPTYPE
2025-04-10 15:29:59.721478 - Found RCPUNALC.txt (text/plain) in SBGOLOB.FILE452.MACLIB, moved to MACLIBO/RCPUNALC
2025-04-10 15:29:59.721601 - Found RCPUNIT.txt (text/plain) in SBGOLOB.FILE452.MACLIB, moved to MACLIBO/RCPUNIT
2025-04-10 15:29:59.721909 - Found RCPUNITC.txt (text/plain) in SBGOLOB.FILE452.MACLIB, moved to MACLIBO/RCPUNITC
2025-04-10 15:29:59.722025 - Found RCPVCHAR.txt (text/plain) in SBGOLOB.FILE452.MACLIB, moved to MACLIBO/RCPVCHAR
2025-04-10 15:29:59.722139 - Found RCPVOLRT.txt (text/plain) in SBGOLOB.FILE452.MACLIB, moved to MACLIBO/RCPVOLRT
2025-04-10 15:29:59.722256 - Found SHI.txt (text/plain) in SBGOLOB.FILE452.MACLIB, moved to MACLIBO/SHI
2025-04-10 15:29:59.722362 - Found S99FAIL.txt (text/plain) in SBGOLOB.FILE452.MACLIB, moved to MACLIBO/S99FAIL
2025-04-10 15:29:59.722500 - Found TERMIO.txt (text/plain) in SBGOLOB.FILE452.MACLIB, moved to MACLIBO/TERMIO
2025-04-10 15:29:59.722652 - Found TIOTSCAN.txt (text/plain) in SBGOLOB.FILE452.MACLIB, moved to MACLIBO/TIOTSCAN
2025-04-10 15:29:59.726523 - Found RDHSVCA8.jcl (text/plain) in SBGOLOB.CBT509.FILE797, moved to PDS/RDHSVCA8
2025-04-10 15:29:59.726692 - Found SAMPLIST.xmi (application/xmit) in SBGOLOB.CBT509.FILE797, moved to PDS/SAMPLIST.xmi
2025-04-10 15:29:59.740352 - Received SBGOLOB.LRECL8.SAMPPDS from SAMPLIST.xmi 
2025-04-10 15:29:59.740747 - Found AUTH001.txt (text/plain) in SBGOLOB.LRECL8.SAMPPDS, moved to SAMPLIST/AUTH001
2025-04-10 15:29:59.741086 - Found SAMPLOAD.xmi (application/xmit) in SBGOLOB.CBT509.FILE797, moved to PDS/SAMPLOAD.xmi
2025-04-10 15:29:59.745554 - Received SBGOLOB.IKJTABLS.LOADLIB from SAMPLOAD.xmi 
2025-04-10 15:29:59.745811 - Found alias IKJEFTAP to IKJTABLS in SBGOLOB.IKJTABLS.LOADLIB, moved to PDS/IKJEFTAP
2025-04-10 15:29:59.745846 - Found alias IKJEFTE2 to IKJTABLS in SBGOLOB.IKJTABLS.LOADLIB, moved to PDS/IKJEFTE2
2025-04-10 15:29:59.745877 - Found alias IKJEFTE8 to IKJTABLS in SBGOLOB.IKJTABLS.LOADLIB, moved to PDS/IKJEFTE8
2025-04-10 15:29:59.745908 - Found alias IKJEFTNS to IKJTABLS in SBGOLOB.IKJTABLS.LOADLIB, moved to PDS/IKJEFTNS
2025-04-10 15:29:59.746054 - Found IKJTABLS.bin (application/octet-stream) in SBGOLOB.IKJTABLS.LOADLIB, moved to SAMPLOAD/IKJTABLS
2025-04-10 15:29:59.746383 - Found SAMPPARM.txt (text/plain) in SBGOLOB.CBT509.FILE797, moved to PDS/SAMPPARM
2025-04-10 15:29:59.746518 - Found SHOWTPV$.jcl (text/plain) in SBGOLOB.CBT509.FILE797, moved to PDS/SHOWTPV$
2025-04-10 15:29:59.746800 - Found SHOWTPVT.txt (text/plain) in SBGOLOB.CBT509.FILE797, moved to PDS/SHOWTPVT
2025-04-10 15:29:59.746942 - Found STEPLIB.txt (text/plain) in SBGOLOB.CBT509.FILE797, moved to PDS/STEPLIB
2025-04-10 15:29:59.747084 - Found TSUB.txt (text/plain) in SBGOLOB.CBT509.FILE797, moved to PDS/TSUB
2025-04-10 15:29:59.747188 - Found TSUB$.jcl (text/plain) in SBGOLOB.CBT509.FILE797, moved to PDS/TSUB$
2025-04-10 15:29:59.747291 - Found TSUB#01.txt (text/plain) in SBGOLOB.CBT509.FILE797, moved to PDS/TSUB#01
2025-04-10 15:29:59.747397 - Found TSUB#02.txt (text/plain) in SBGOLOB.CBT509.FILE797, moved to PDS/TSUB#02
2025-04-10 15:29:59.747511 - Found TSUB#03.txt (text/plain) in SBGOLOB.CBT509.FILE797, moved to PDS/TSUB#03
2025-04-10 15:29:59.747611 - Found TSUB#04.txt (text/plain) in SBGOLOB.CBT509.FILE797, moved to PDS/TSUB#04
2025-04-10 15:29:59.747720 - Found TSUB#05.txt (text/plain) in SBGOLOB.CBT509.FILE797, moved to PDS/TSUB#05
2025-04-10 15:29:59.747840 - Found TSUB#06.txt (text/plain) in SBGOLOB.CBT509.FILE797, moved to PDS/TSUB#06
2025-04-10 15:29:59.747949 - Found TSUB#07.txt (text/plain) in SBGOLOB.CBT509.FILE797, moved to PDS/TSUB#07
2025-04-10 15:29:59.748054 - Found TSUB#08.txt (text/plain) in SBGOLOB.CBT509.FILE797, moved to PDS/TSUB#08
2025-04-10 15:29:59.748157 - Found TSUB#09.txt (text/plain) in SBGOLOB.CBT509.FILE797, moved to PDS/TSUB#09
2025-04-10 15:29:59.748260 - Found TSUB#10.txt (text/plain) in SBGOLOB.CBT509.FILE797, moved to PDS/TSUB#10
2025-04-10 15:29:59.748383 - Found TSUB#11.txt (text/plain) in SBGOLOB.CBT509.FILE797, moved to PDS/TSUB#11
2025-04-10 15:29:59.748495 - Found TSUBHELP.txt (text/plain) in SBGOLOB.CBT509.FILE797, moved to PDS/TSUBHELP
2025-04-10 15:29:59.748600 - Found TSUBQUIK.txt (text/plain) in SBGOLOB.CBT509.FILE797, moved to PDS/TSUBQUIK
2025-04-10 15:29:59.748760 - Found TSUB36.txt (text/plain) in SBGOLOB.CBT509.FILE797, moved to PDS/TSUB36
